GAGCGAGCTTGCTCGCGATAA	56
TTCGCGAGCAAGCTCGCTCCT	56
AGGAGCGAGCTTGCTCGCGAT	426
CTATCGCGAGCAAGCTCGCTC	109
GAGCGAGCTTGCTCGCGATGA	58
AGCAAGCTCGCTCCTACAGGG	121
GTAGGAGCGAGCTTGCTCGCG	465
CCCCTGTAGGAGCGAGCTTGC	62
GGAGCGAGCTTGCTCGCGATG	183
GCGAGCTTGCTCGCGATAGCG	69
GGAGCGAGCTTGCTCGCGATC	65
TATCGCGAGCAAGCTCGCTCC	169
CTGTAGGAGCGAGCTTGCTCG	319
TCTGTAGGAGCGAGCTTGCTC	90
TAGGAGCGAGCTTGCTCGCGA	466
GAGCAAGCTCGCTCCTACAGG	208
GTAGCCGCTGCCGAAGGCTGC	66
TTGTAGGAGCGAGCTTGCTCG	91
CCATCGCGAGCAAGCTCGCTC	87
GCTATCGCGAGCAAGCTCGCT	86
TGTAGGAGCGAGCTTGCTCGC	449
